<?xml version="1.0" encoding="UTF-8" ?>
<testsuite tests="19" failures="1" name="pl.edu.amu.wmi.dino.cf.mnozeniecf.SuperMnozenieTest" time="0.061" errors="0" skipped="0">
  <properties>
    <property name="java.runtime.name" value="Java(TM) SE Runtime Environment"/>
    <property name="sun.boot.library.path" value="C:\Programowanie\Java\jre\bin"/>
    <property name="java.vm.version" value="25.131-b11"/>
    <property name="user.country.format" value="PL"/>
    <property name="java.vm.vendor" value="Oracle Corporation"/>
    <property name="java.vendor.url" value="http://java.oracle.com/"/>
    <property name="path.separator" value=";"/>
    <property name="guice.disable.misplaced.annotation.check" value="true"/>
    <property name="java.vm.name" value="Java HotSpot(TM) 64-Bit Server VM"/>
    <property name="file.encoding.pkg" value="sun.io"/>
    <property name="user.script" value=""/>
    <property name="user.country" value="US"/>
    <property name="sun.java.launcher" value="SUN_STANDARD"/>
    <property name="sun.os.patch.level" value=""/>
    <property name="java.vm.specification.name" value="Java Virtual Machine Specification"/>
    <property name="user.dir" value="C:\Users\krzysztof\Desktop\MnozenieCF-2017-master"/>
    <property name="java.runtime.version" value="1.8.0_131-b11"/>
    <property name="java.awt.graphicsenv" value="sun.awt.Win32GraphicsEnvironment"/>
    <property name="java.endorsed.dirs" value="C:\Programowanie\Java\jre\lib\endorsed"/>
    <property name="os.arch" value="amd64"/>
    <property name="java.io.tmpdir" value="C:\Users\KRZYSZ~1\AppData\Local\Temp\"/>
    <property name="line.separator" value="
"/>
    <property name="java.vm.specification.vendor" value="Oracle Corporation"/>
    <property name="user.variant" value=""/>
    <property name="os.name" value="Windows 10"/>
    <property name="maven.ext.class.path" value="C:\Program Files\NetBeans 8.2\java\maven-nblib\netbeans-eventspy.jar"/>
    <property name="classworlds.conf" value="C:\Program Files\NetBeans 8.2\java\maven\bin\m2.conf"/>
    <property name="sun.jnu.encoding" value="Cp1250"/>
    <property name="java.library.path" value="C:\Programowanie\Java\bin;C:\WINDOWS\Sun\Java\bin;C:\WINDOWS\system32;C:\WINDOWS;C:\ProgramData\Oracle\Java\javapath;C:\Python36\Scripts\;C:\Python36\;C:\UYTKOW~1\CBUILD~1\CBUILD~1\Bin;C:\UYTKOW~1\CBUILD~1\CBUILD~1\Projects\Bpl;C:\WINDOWS\system32;C:\WINDOWS;C:\WINDOWS\System32\Wbem;C:\WINDOWS\System32\WindowsPowerShell\v1.0\;C:\Sterowniki\ATI Technologies\ATI.ACE\Core-Static;C:\Users\krzysztof\.dnx\bin;C:\Program Files\Microsoft DNX\Dnvm\;C:\Program Files\Microsoft SQL Server\130\Tools\Binn\;C:\Program Files (x86)\Windows Kits\8.1\Windows Performance Toolkit\;C:\Program Files (x86)\Windows Kits\10\Windows Performance Toolkit\;C:\UÅ¼ytkowe\CMake\bin;C:\Program Files (x86)\Skype\Phone\;C:\Program Files (x86)\Microsoft SQL Server\Client SDK\ODBC\130\Tools\Binn\;C:\Program Files (x86)\Microsoft SQL Server\130\Tools\Binn\;C:\Program Files (x86)\Microsoft SQL Server\130\DTS\Binn\;C:\Program Files (x86)\Microsoft SQL Server\130\Tools\Binn\ManagementStudio\;C:\Users\krzysztof\AppData\Local\Microsoft\WindowsApps;;."/>
    <property name="java.specification.name" value="Java Platform API Specification"/>
    <property name="java.class.version" value="52.0"/>
    <property name="sun.management.compiler" value="HotSpot 64-Bit Tiered Compilers"/>
    <property name="os.version" value="10.0"/>
    <property name="user.home" value="C:\Users\krzysztof"/>
    <property name="user.timezone" value="Europe/Belgrade"/>
    <property name="java.awt.printerjob" value="sun.awt.windows.WPrinterJob"/>
    <property name="java.specification.version" value="1.8"/>
    <property name="file.encoding" value="UTF-8"/>
    <property name="user.name" value="krzysztof"/>
    <property name="java.class.path" value="C:\Program Files\NetBeans 8.2\java\maven\boot\plexus-classworlds-2.4.jar"/>
    <property name="java.vm.specification.version" value="1.8"/>
    <property name="sun.arch.data.model" value="64"/>
    <property name="java.home" value="C:\Programowanie\Java\jre"/>
    <property name="sun.java.command" value="org.codehaus.plexus.classworlds.launcher.Launcher -Dmaven.ext.class.path=C:\Program Files\NetBeans 8.2\java\maven-nblib\netbeans-eventspy.jar -Dfile.encoding=UTF-8 clean install"/>
    <property name="java.specification.vendor" value="Oracle Corporation"/>
    <property name="user.language" value="en"/>
    <property name="user.language.format" value="pl"/>
    <property name="awt.toolkit" value="sun.awt.windows.WToolkit"/>
    <property name="java.vm.info" value="mixed mode"/>
    <property name="java.version" value="1.8.0_131"/>
    <property name="java.ext.dirs" value="C:\Programowanie\Java\jre\lib\ext;C:\WINDOWS\Sun\Java\lib\ext"/>
    <property name="sun.boot.class.path" value="C:\Programowanie\Java\jre\lib\resources.jar;C:\Programowanie\Java\jre\lib\rt.jar;C:\Programowanie\Java\jre\lib\sunrsasign.jar;C:\Programowanie\Java\jre\lib\jsse.jar;C:\Programowanie\Java\jre\lib\jce.jar;C:\Programowanie\Java\jre\lib\charsets.jar;C:\Programowanie\Java\jre\lib\jfr.jar;C:\Programowanie\Java\jre\classes"/>
    <property name="java.vendor" value="Oracle Corporation"/>
    <property name="maven.home" value="C:\Program Files\NetBeans 8.2\java\maven"/>
    <property name="file.separator" value="\"/>
    <property name="java.vendor.url.bug" value="http://bugreport.sun.com/bugreport/"/>
    <property name="sun.cpu.endian" value="little"/>
    <property name="sun.io.unicode.encoding" value="UnicodeLittle"/>
    <property name="sun.desktop" value="windows"/>
    <property name="sun.cpu.isalist" value="amd64"/>
  </properties>
  <testcase classname="pl.edu.amu.wmi.dino.cf.mnozeniecf.SuperMnozenieTest" name="testMul" time="0.001"/>
  <testcase classname="pl.edu.amu.wmi.dino.cf.mnozeniecf.SuperMnozenieTest" name="testMul10" time="0"/>
  <testcase classname="pl.edu.amu.wmi.dino.cf.mnozeniecf.SuperMnozenieTest" name="testMul11" time="0"/>
  <testcase classname="pl.edu.amu.wmi.dino.cf.mnozeniecf.SuperMnozenieTest" name="testMul12" time="0.001"/>
  <testcase classname="pl.edu.amu.wmi.dino.cf.mnozeniecf.SuperMnozenieTest" name="testMul13" time="0"/>
  <testcase classname="pl.edu.amu.wmi.dino.cf.mnozeniecf.SuperMnozenieTest" name="testMul14" time="0"/>
  <testcase classname="pl.edu.amu.wmi.dino.cf.mnozeniecf.SuperMnozenieTest" name="testMul15" time="0"/>
  <testcase classname="pl.edu.amu.wmi.dino.cf.mnozeniecf.SuperMnozenieTest" name="testMul16" time="0"/>
  <testcase classname="pl.edu.amu.wmi.dino.cf.mnozeniecf.SuperMnozenieTest" name="testMul17" time="0"/>
  <testcase classname="pl.edu.amu.wmi.dino.cf.mnozeniecf.SuperMnozenieTest" name="testMul18" time="0.004">
    <failure message="expected:&lt;[]0&gt; but was:&lt;[-]0&gt;" type="org.junit.ComparisonFailure">org.junit.ComparisonFailure: expected:&lt;[]0&gt; but was:&lt;[-]0&gt;
	at org.junit.Assert.assertEquals(Assert.java:115)
	at org.junit.Assert.assertEquals(Assert.java:144)
	at pl.edu.amu.wmi.dino.cf.mnozeniecf.SuperMnozenieTest.testMul18(SuperMnozenieTest.java:152)
	at sun.reflect.NativeMethodAccessorImpl.invoke0(Native Method)
	at sun.reflect.NativeMethodAccessorImpl.invoke(NativeMethodAccessorImpl.java:62)
	at sun.reflect.DelegatingMethodAccessorImpl.invoke(DelegatingMethodAccessorImpl.java:43)
	at java.lang.reflect.Method.invoke(Method.java:498)
	at org.junit.runners.model.FrameworkMethod$1.runReflectiveCall(FrameworkMethod.java:50)
	at org.junit.internal.runners.model.ReflectiveCallable.run(ReflectiveCallable.java:12)
	at org.junit.runners.model.FrameworkMethod.invokeExplosively(FrameworkMethod.java:47)
	at org.junit.internal.runners.statements.InvokeMethod.evaluate(InvokeMethod.java:17)
	at org.junit.runners.ParentRunner.runLeaf(ParentRunner.java:325)
	at org.junit.runners.BlockJUnit4ClassRunner.runChild(BlockJUnit4ClassRunner.java:78)
	at org.junit.runners.BlockJUnit4ClassRunner.runChild(BlockJUnit4ClassRunner.java:57)
	at org.junit.runners.ParentRunner$3.run(ParentRunner.java:290)
	at org.junit.runners.ParentRunner$1.schedule(ParentRunner.java:71)
	at org.junit.runners.ParentRunner.runChildren(ParentRunner.java:288)
	at org.junit.runners.ParentRunner.access$000(ParentRunner.java:58)
	at org.junit.runners.ParentRunner$2.evaluate(ParentRunner.java:268)
	at org.junit.runners.ParentRunner.run(ParentRunner.java:363)
	at org.apache.maven.surefire.junit4.JUnit4TestSet.execute(JUnit4TestSet.java:53)
	at org.apache.maven.surefire.junit4.JUnit4Provider.executeTestSet(JUnit4Provider.java:123)
	at org.apache.maven.surefire.junit4.JUnit4Provider.invoke(JUnit4Provider.java:104)
	at sun.reflect.NativeMethodAccessorImpl.invoke0(Native Method)
	at sun.reflect.NativeMethodAccessorImpl.invoke(NativeMethodAccessorImpl.java:62)
	at sun.reflect.DelegatingMethodAccessorImpl.invoke(DelegatingMethodAccessorImpl.java:43)
	at java.lang.reflect.Method.invoke(Method.java:498)
	at org.apache.maven.surefire.util.ReflectionUtils.invokeMethodWithArray(ReflectionUtils.java:164)
	at org.apache.maven.surefire.booter.ProviderFactory$ProviderProxy.invoke(ProviderFactory.java:110)
	at org.apache.maven.surefire.booter.SurefireStarter.invokeProvider(SurefireStarter.java:175)
	at org.apache.maven.surefire.booter.SurefireStarter.runSuitesInProcessWhenForked(SurefireStarter.java:107)
	at org.apache.maven.surefire.booter.ForkedBooter.main(ForkedBooter.java:68)
</failure>
  </testcase>
  <testcase classname="pl.edu.amu.wmi.dino.cf.mnozeniecf.SuperMnozenieTest" name="testMul1" time="0"/>
  <testcase classname="pl.edu.amu.wmi.dino.cf.mnozeniecf.SuperMnozenieTest" name="testMul2" time="0.001"/>
  <testcase classname="pl.edu.amu.wmi.dino.cf.mnozeniecf.SuperMnozenieTest" name="testMul3" time="0"/>
  <testcase classname="pl.edu.amu.wmi.dino.cf.mnozeniecf.SuperMnozenieTest" name="testMul4" time="0"/>
  <testcase classname="pl.edu.amu.wmi.dino.cf.mnozeniecf.SuperMnozenieTest" name="testMul5" time="0"/>
  <testcase classname="pl.edu.amu.wmi.dino.cf.mnozeniecf.SuperMnozenieTest" name="testMul6" time="0"/>
  <testcase classname="pl.edu.amu.wmi.dino.cf.mnozeniecf.SuperMnozenieTest" name="testMul7" time="0"/>
  <testcase classname="pl.edu.amu.wmi.dino.cf.mnozeniecf.SuperMnozenieTest" name="testMul8" time="0.001"/>
  <testcase classname="pl.edu.amu.wmi.dino.cf.mnozeniecf.SuperMnozenieTest" name="testMul9" time="0"/>
</testsuite>